生成启动时间为 12/18/2017 3:17:27 PM。
     1>项目“D:\MeshSimplification\GLProjectInRibbon\GLProjectInRibbon\glog\glog-0.3.5\vsprojects\libglog_static\libglog_static.vcxproj”在节点 2 上(Build 个目标)。
     1>ClCompile:
         D:\VS2013\VC\bin\CL.exe /c /I..\..\src\windows /ZI /nologo /W3 /WX- /Od /Oy- /D GOOGLE_GLOG_DLL_DECL= /D _MBCS /Gm /EHsc /RTC1 /MDd /GS /fp:precise /Zc:wchar_t /Zc:forScope /Fo"Debug\\" /Fd"Debug\vc120.pdb" /Gd /TP /analyze- /errorReport:prompt ..\..\src\logging.cc ..\..\src\raw_logging.cc ..\..\src\utilities.cc ..\..\src\vlog_is_on.cc ..\..\src\windows\port.cc
         port.cc
         vlog_is_on.cc
         utilities.cc
         raw_logging.cc
         logging.cc
         正在生成代码...
       Lib:
         D:\VS2013\VC\bin\Lib.exe /OUT:"D:\MeshSimplification\GLProjectInRibbon\GLProjectInRibbon\glog\glog-0.3.5\Debug\libglog_static.lib" /NOLOGO Debug\logging.obj
         Debug\raw_logging.obj
         Debug\utilities.obj
         Debug\vlog_is_on.obj
         Debug\port.obj
         libglog_static.vcxproj -> D:\MeshSimplification\GLProjectInRibbon\GLProjectInRibbon\glog\glog-0.3.5\Debug\libglog_static.lib
     1>已完成生成项目“D:\MeshSimplification\GLProjectInRibbon\GLProjectInRibbon\glog\glog-0.3.5\vsprojects\libglog_static\libglog_static.vcxproj”(Build 个目标)的操作。

生成成功。

已用时间 00:00:02.63
