生成启动时间为 12/18/2017 3:17:06 PM。
     1>项目“D:\MeshSimplification\GLProjectInRibbon\GLProjectInRibbon\glog\glog-0.3.5\vsprojects\libglog\libglog.vcxproj”在节点 2 上(Build 个目标)。
     1>ClCompile:
         D:\VS2013\VC\bin\CL.exe /c /I..\..\src\windows /ZI /nologo /W3 /WX- /Od /Oy- /D WIN32 /D _DEBUG /D _WINDOWS /D _USRDLL /D LIBGLOG_EXPORTS /D _WINDLL /D _UNICODE /D UNICODE /Gm /EHsc /RTC1 /MDd /GS /fp:precise /Zc:wchar_t /Zc:forScope /Fo"Debug\\" /Fd"Debug\vc120.pdb" /Gd /TP /analyze- /errorReport:prompt ..\..\src\logging.cc ..\..\src\raw_logging.cc ..\..\src\utilities.cc ..\..\src\vlog_is_on.cc ..\..\src\windows\port.cc
         port.cc
         vlog_is_on.cc
         utilities.cc
         raw_logging.cc
         logging.cc
         正在生成代码...
       Link:
         D:\VS2013\VC\bin\link.exe /ERRORREPORT:PROMPT /OUT:"D:\MeshSimplification\GLProjectInRibbon\GLProjectInRibbon\glog\glog-0.3.5\Debug\libglog.dll" /INCREMENTAL /NOLOGO kernel32.lib user32.lib gdi32.lib winspool.lib comdlg32.lib advapi32.lib shell32.lib ole32.lib oleaut32.lib uuid.lib odbc32.lib odbccp32.lib /MANIFEST /MANIFESTUAC:"level='asInvoker' uiAccess='false'" /manifest:embed /DEBUG /PDB:"D:\MeshSimplification\GLProjectInRibbon\GLProjectInRibbon\glog\glog-0.3.5\Debug\libglog.pdb" /SUBSYSTEM:WINDOWS /TLBID:1 /DYNAMICBASE /NXCOMPAT /IMPLIB:"D:\MeshSimplification\GLProjectInRibbon\GLProjectInRibbon\glog\glog-0.3.5\Debug\libglog.lib" /MACHINE:X86 /SAFESEH /DLL Debug\logging.obj
         Debug\raw_logging.obj
         Debug\utilities.obj
         Debug\vlog_is_on.obj
         Debug\port.obj
     1>logging.obj : warning LNK4075: 忽略“/EDITANDCONTINUE”(由于“/SAFESEH”规范)
            正在创建库 D:\MeshSimplification\GLProjectInRibbon\GLProjectInRibbon\glog\glog-0.3.5\Debug\libglog.lib 和对象 D:\MeshSimplification\GLProjectInRibbon\GLProjectInRibbon\glog\glog-0.3.5\Debug\libglog.exp
         libglog.vcxproj -> D:\MeshSimplification\GLProjectInRibbon\GLProjectInRibbon\glog\glog-0.3.5\Debug\libglog.dll
     1>已完成生成项目“D:\MeshSimplification\GLProjectInRibbon\GLProjectInRibbon\glog\glog-0.3.5\vsprojects\libglog\libglog.vcxproj”(Build 个目标)的操作。

生成成功。

已用时间 00:00:02.92
