生成启动时间为 12/18/2017 3:17:57 PM。
     1>项目“D:\MeshSimplification\GLProjectInRibbon\GLProjectInRibbon\glog\glog-0.3.5\vsprojects\libglog\libglog.vcxproj”在节点 2 上(Build 个目标)。
     1>ClCompile:
         D:\VS2013\VC\bin\CL.exe /c /I..\..\src\windows /Zi /nologo /W3 /WX- /O2 /Oi /Oy- /GL /D WIN32 /D NDEBUG /D _WINDOWS /D _USRDLL /D LIBGLOG_EXPORTS /D _WINDLL /D _UNICODE /D UNICODE /Gm- /EHsc /MD /GS /Gy /fp:precise /Zc:wchar_t /Zc:forScope /Fo"Release\\" /Fd"Release\vc120.pdb" /Gd /TP /analyze- /errorReport:prompt ..\..\src\logging.cc ..\..\src\raw_logging.cc ..\..\src\utilities.cc ..\..\src\vlog_is_on.cc ..\..\src\windows\port.cc
         logging.cc
         raw_logging.cc
         utilities.cc
         vlog_is_on.cc
         port.cc
       Link:
         D:\VS2013\VC\bin\link.exe /ERRORREPORT:PROMPT /OUT:"D:\MeshSimplification\GLProjectInRibbon\GLProjectInRibbon\glog\glog-0.3.5\Release\libglog.dll" /INCREMENTAL:NO /NOLOGO kernel32.lib user32.lib gdi32.lib winspool.lib comdlg32.lib advapi32.lib shell32.lib ole32.lib oleaut32.lib uuid.lib odbc32.lib odbccp32.lib /MANIFEST /MANIFESTUAC:"level='asInvoker' uiAccess='false'" /manifest:embed /DEBUG /PDB:"D:\MeshSimplification\GLProjectInRibbon\GLProjectInRibbon\glog\glog-0.3.5\Release\libglog.pdb" /SUBSYSTEM:WINDOWS /OPT:REF /OPT:ICF /LTCG /TLBID:1 /DYNAMICBASE /NXCOMPAT /IMPLIB:"D:\MeshSimplification\GLProjectInRibbon\GLProjectInRibbon\glog\glog-0.3.5\Release\libglog.lib" /MACHINE:X86 /SAFESEH /DLL Release\logging.obj
         Release\raw_logging.obj
         Release\utilities.obj
         Release\vlog_is_on.obj
         Release\port.obj
            正在创建库 D:\MeshSimplification\GLProjectInRibbon\GLProjectInRibbon\glog\glog-0.3.5\Release\libglog.lib 和对象 D:\MeshSimplification\GLProjectInRibbon\GLProjectInRibbon\glog\glog-0.3.5\Release\libglog.exp
         正在生成代码
     1>d:\meshsimplification\glprojectinribbon\glprojectinribbon\glog\glog-0.3.5\src\windows\glog\logging.h(1635): warning C4722: “google::NullStreamFatal::~NullStreamFatal”: 析构函数永远不会返回，可能会发生内存泄漏
     1>d:\meshsimplification\glprojectinribbon\glprojectinribbon\glog\glog-0.3.5\src\logging.cc(2025): warning C4722: “google::LogMessageFatal::~LogMessageFatal”: 析构函数永远不会返回，可能会发生内存泄漏
         已完成代码的生成
         libglog.vcxproj -> D:\MeshSimplification\GLProjectInRibbon\GLProjectInRibbon\glog\glog-0.3.5\Release\libglog.dll
     1>已完成生成项目“D:\MeshSimplification\GLProjectInRibbon\GLProjectInRibbon\glog\glog-0.3.5\vsprojects\libglog\libglog.vcxproj”(Build 个目标)的操作。

生成成功。

已用时间 00:00:02.89
