生成启动时间为 12/18/2017 3:06:14 PM。
     1>项目“D:\MeshSimplification\GLProjectInRibbon\GLProjectInRibbon\glog\glog-0.3.5\build\glog.vcxproj”在节点 2 上(Rebuild 个目标)。
     1>CustomBuild:
         Building Custom Rule D:/MeshSimplification/GLProjectInRibbon/GLProjectInRibbon/glog/glog-0.3.5/CMakeLists.txt
         CMake does not need to re-run because D:\MeshSimplification\GLProjectInRibbon\GLProjectInRibbon\glog\glog-0.3.5\build\CMakeFiles\generate.stamp is up-to-date.
       ClCompile:
         D:\VS2013\VC\bin\CL.exe /c /I"D:\MeshSimplification\GLProjectInRibbon\GLProjectInRibbon\glog\glog-0.3.5\src" /I"D:\MeshSimplification\GLProjectInRibbon\GLProjectInRibbon\glog\glog-0.3.5\build" /I"D:\MeshSimplification\GLProjectInRibbon\GLProjectInRibbon\glog\glog-0.3.5\src\windows" /Zi /nologo /W3 /WX- /Od /Ob0 /Oy- /D WIN32 /D _WINDOWS /D _DEBUG /D GLOG_NO_ABBREVIATED_SEVERITIES /D GOOGLE_GLOG_DLL_DECL= /D "CMAKE_INTDIR=\"Debug\"" /D _MBCS /Gm- /EHsc /RTC1 /MDd /GS /fp:precise /Zc:wchar_t /Zc:forScope /GR /Fo"glog.dir\Debug\\" /Fd"glog.dir\Debug\vc120.pdb" /Gd /TP /analyze- /errorReport:prompt "D:\MeshSimplification\GLProjectInRibbon\GLProjectInRibbon\glog\glog-0.3.5\src\demangle.cc" "D:\MeshSimplification\GLProjectInRibbon\GLProjectInRibbon\glog\glog-0.3.5\src\logging.cc" "D:\MeshSimplification\GLProjectInRibbon\GLProjectInRibbon\glog\glog-0.3.5\src\raw_logging.cc" "D:\MeshSimplification\GLProjectInRibbon\GLProjectInRibbon\glog\glog-0.3.5\src\symbolize.cc" "D:\MeshSimplification\GLProjectInRibbon\GLProjectInRibbon\glog\glog-0.3.5\src\utilities.cc" "D:\MeshSimplification\GLProjectInRibbon\GLProjectInRibbon\glog\glog-0.3.5\src\vlog_is_on.cc" "D:\MeshSimplification\GLProjectInRibbon\GLProjectInRibbon\glog\glog-0.3.5\src\windows\port.cc"
         demangle.cc
         logging.cc
         raw_logging.cc
         symbolize.cc
         utilities.cc
         vlog_is_on.cc
         port.cc
         正在生成代码...
       Lib:
         D:\VS2013\VC\bin\Lib.exe /OUT:"D:\MeshSimplification\GLProjectInRibbon\GLProjectInRibbon\glog\glog-0.3.5\build\Debug\glog.lib" /NOLOGO  /machine:X86 glog.dir\Debug\demangle.obj
         glog.dir\Debug\logging.obj
         glog.dir\Debug\raw_logging.obj
         glog.dir\Debug\symbolize.obj
         glog.dir\Debug\utilities.obj
         glog.dir\Debug\vlog_is_on.obj
         glog.dir\Debug\port.obj
         glog.vcxproj -> D:\MeshSimplification\GLProjectInRibbon\GLProjectInRibbon\glog\glog-0.3.5\build\Debug\glog.lib
     1>已完成生成项目“D:\MeshSimplification\GLProjectInRibbon\GLProjectInRibbon\glog\glog-0.3.5\build\glog.vcxproj”(Rebuild 个目标)的操作。

生成成功。

已用时间 00:00:03.04
